000 (143.000.000) 02/08 16:18:21 Job submitted from host: <10.148.0.3:9618?addrs=10.148.0.3-9618+[--1]-9618&noUDP&sock=2476_e895_3>
...
001 (143.000.000) 02/08 16:18:23 Job executing on host: <10.148.0.4:9618?addrs=10.148.0.4-9618+[--1]-9618&noUDP&sock=2335_31ba_3>
...
006 (143.000.000) 02/08 16:18:24 Image size of job updated: 125
	0  -  MemoryUsage of job (MB)
	0  -  ResidentSetSize of job (KB)
...
005 (143.000.000) 02/08 16:18:25 Job terminated.
	(1) Normal termination (return value 0)
		Usr 0 00:00:15, Sys 0 00:00:04  -  Run Remote Usage
		Usr 0 00:00:00, Sys 0 00:00:00  -  Run Local Usage
		Usr 0 00:00:15, Sys 0 00:00:04  -  Total Remote Usage
		Usr 0 00:00:00, Sys 0 00:00:00  -  Total Local Usage
	3003  -  Run Bytes Sent By Job
	132381  -  Run Bytes Received By Job
	3003  -  Total Bytes Sent By Job
	132381  -  Total Bytes Received By Job
	Partitionable Resources :    Usage  Request Allocated
	   Cpus                 :                 1         1
	   Disk (KB)            :      150      150     41321
	   Memory (MB)          :        0        1      2678
...
000 (147.000.000) 02/08 16:23:21 Job submitted from host: <10.148.0.3:9618?addrs=10.148.0.3-9618+[--1]-9618&noUDP&sock=2476_e895_3>
...
001 (147.000.000) 02/08 16:23:23 Job executing on host: <10.148.0.4:9618?addrs=10.148.0.4-9618+[--1]-9618&noUDP&sock=2335_31ba_3>
...
006 (147.000.000) 02/08 16:23:23 Image size of job updated: 125
	0  -  MemoryUsage of job (MB)
	0  -  ResidentSetSize of job (KB)
...
005 (147.000.000) 02/08 16:23:23 Job terminated.
	(1) Normal termination (return value 1)
		Usr 0 00:00:00, Sys 0 00:00:00  -  Run Remote Usage
		Usr 0 00:00:00, Sys 0 00:00:00  -  Run Local Usage
		Usr 0 00:00:00, Sys 0 00:00:00  -  Total Remote Usage
		Usr 0 00:00:00, Sys 0 00:00:00  -  Total Local Usage
	259  -  Run Bytes Sent By Job
	132381  -  Run Bytes Received By Job
	259  -  Total Bytes Sent By Job
	132381  -  Total Bytes Received By Job
	Partitionable Resources :    Usage  Request Allocated
	   Cpus                 :                 1         1
	   Disk (KB)            :      150      150     41307
	   Memory (MB)          :        0        1      2678
...
000 (148.000.000) 02/08 16:24:01 Job submitted from host: <10.148.0.3:9618?addrs=10.148.0.3-9618+[--1]-9618&noUDP&sock=2476_e895_3>
...
001 (148.000.000) 02/08 16:24:04 Job executing on host: <10.148.0.4:9618?addrs=10.148.0.4-9618+[--1]-9618&noUDP&sock=2335_31ba_3>
...
006 (148.000.000) 02/08 16:24:04 Image size of job updated: 125
	0  -  MemoryUsage of job (MB)
	0  -  ResidentSetSize of job (KB)
...
005 (148.000.000) 02/08 16:24:05 Job terminated.
	(1) Normal termination (return value 1)
		Usr 0 00:00:00, Sys 0 00:00:00  -  Run Remote Usage
		Usr 0 00:00:00, Sys 0 00:00:00  -  Run Local Usage
		Usr 0 00:00:00, Sys 0 00:00:00  -  Total Remote Usage
		Usr 0 00:00:00, Sys 0 00:00:00  -  Total Local Usage
	259  -  Run Bytes Sent By Job
	132381  -  Run Bytes Received By Job
	259  -  Total Bytes Sent By Job
	132381  -  Total Bytes Received By Job
	Partitionable Resources :    Usage  Request Allocated
	   Cpus                 :                 1         1
	   Disk (KB)            :      150      150     41315
	   Memory (MB)          :        0        1      2678
...
